Using pre-set license
Built from '2021.1/staging' branch; Version is '2021.1.7f1 (d91830b65d9b) revision 14227504'; Using compiler version '192528614'; Build Type 'Release'
OS: 'Windows 10 Pro; OS build 19042.1052; Version 2009; 64bit' Language: 'pt' Physical Memory: 8130 MB
BatchMode: 1, IsHumanControllingUs: 0, StartBugReporterOnCrash: 0, Is64bit: 1, IsPro: 0

 COMMAND LINE ARGUMENTS:
C:\Program Files\Unity 2021.1.7f1\Editor\Unity.exe
-adb2
-batchMode
-noUpm
-name
AssetImportWorker1
-projectPath
C:/Users/Editeiro/Documents/GitHub/PixelGame/2D Platformer
-logFile
Logs/AssetImportWorker1.log
-srvPort
63543
Successfully changed project path to: C:/Users/Editeiro/Documents/GitHub/PixelGame/2D Platformer
C:/Users/Editeiro/Documents/GitHub/PixelGame/2D Platformer
Using Asset Import Pipeline V2.
Refreshing native plugins compatible for Editor in 118.41 ms, found 2 plugins.
Preloading 0 native plugins for Editor in 0.00 ms.
Initialize engine version: 2021.1.7f1 (d91830b65d9b)
[Subsystems] Discovering subsystems at path C:/Program Files/Unity 2021.1.7f1/Editor/Data/Resources/UnitySubsystems
[Subsystems] Discovering subsystems at path C:/Users/Editeiro/Documents/GitHub/PixelGame/2D Platformer/Assets
GfxDevice: creating device client; threaded=0; jobified=0
Direct3D:
    Version:  Direct3D 11.0 [level 11.1]
    Renderer: NVIDIA GeForce GTX 960 (ID=0x1401)
    Vendor:   NVIDIA
    VRAM:     4053 MB
    Driver:   27.21.14.5671
Initialize mono
Mono path[0] = 'C:/Program Files/Unity 2021.1.7f1/Editor/Data/Managed'
Mono path[1] = 'C:/Program Files/Unity 2021.1.7f1/Editor/Data/MonoBleedingEdge/lib/mono/unityjit'
Mono config path = 'C:/Program Files/Unity 2021.1.7f1/Editor/Data/MonoBleedingEdge/etc'
Using monoOptions --debugger-agent=transport=dt_socket,embedding=1,server=y,suspend=n,address=127.0.0.1:56436
Begin MonoManager ReloadAssembly
Registering precompiled unity dll's ...
Register platform support module: C:/Program Files/Unity 2021.1.7f1/Editor/Data/PlaybackEngines/WindowsStandaloneSupport/UnityEditor.WindowsStandalone.Extensions.dll
Registered in 0.001660 seconds.
Native extension for WindowsStandalone target not found
Refreshing native plugins compatible for Editor in 121.53 ms, found 2 plugins.
Preloading 0 native plugins for Editor in 0.00 ms.
Mono: successfully reloaded assembly
- Completed reload, in  1.446 seconds
Platform modules already initialized, skipping
Registering precompiled user dll's ...
Registered in 0.003810 seconds.
Begin MonoManager ReloadAssembly
Symbol file LoadedFromMemory doesn't match image C:\Users\Editeiro\Documents\GitHub\PixelGame\2D Platformer\Library\PackageCache\com.unity.visualscripting@1.6.1\Editor\VisualScripting.Core\Dependencies\YamlDotNet\Unity.VisualScripting.YamlDotNet.dll
Symbol file LoadedFromMemory doesn't match image C:\Users\Editeiro\Documents\GitHub\PixelGame\2D Platformer\Library\PackageCache\com.unity.visualscripting@1.6.1\Editor\VisualScripting.Core\Dependencies\DotNetZip\Unity.VisualScripting.IonicZip.dll
Native extension for WindowsStandalone target not found
Refreshing native plugins compatible for Editor in 118.60 ms, found 2 plugins.
Preloading 0 native plugins for Editor in 0.00 ms.
Mono: successfully reloaded assembly
- Completed reload, in  4.405 seconds
Platform modules already initialized, skipping
========================================================================
Worker process is ready to serve import requests
Launched and connected shader compiler UnityShaderCompiler.exe after 0.04 seconds
Refreshing native plugins compatible for Editor in 0.72 ms, found 2 plugins.
Preloading 0 native plugins for Editor in 0.00 ms.
Unloading 3375 Unused Serialized files (Serialized files now loaded: 0)
System memory in use before: 128.1 MB.
System memory in use after: 128.1 MB.

Unloading 28 unused Assets to reduce memory usage. Loaded Objects now: 3829.
Total: 3.421500 ms (FindLiveObjects: 0.658600 ms CreateObjectMapping: 0.197400 ms MarkObjects: 2.367700 ms  DeleteObjects: 0.187900 ms)

========================================================================
Received Import Request.
  path: Assets/SimplePixelUI/ExamleScene.unity
  artifactKey: Guid(8361cf5dc6df7cb4c8ce04518131539f) Importer(815301076,1909f56bfc062723c751e8b465ee728b)
Start importing Assets/SimplePixelUI/ExamleScene.unity using Guid(8361cf5dc6df7cb4c8ce04518131539f) Importer(815301076,1909f56bfc062723c751e8b465ee728b)  -> (artifact id: '932204580430f66a87ae38909682a9bd') in 0.027490 seconds 
========================================================================
Received Import Request.
  Time since last request: 0.000316 seconds.
  path: Assets/Scenes/SampleScene.unity
  artifactKey: Guid(2cda990e2423bbf4892e6590ba056729) Importer(815301076,1909f56bfc062723c751e8b465ee728b)
Start importing Assets/Scenes/SampleScene.unity using Guid(2cda990e2423bbf4892e6590ba056729) Importer(815301076,1909f56bfc062723c751e8b465ee728b)  -> (artifact id: '42b4bfc6f16b0ea544c3084412d55264') in 0.021651 seconds 
========================================================================
Received Import Request.
  Time since last request: 539.088951 seconds.
  path: Assets/SimplePixelUI/update 1.15/arrow_CC.png
  artifactKey: Guid(40cc30e0527a8ed499251b53aca4a2a4) Importer(815301076,1909f56bfc062723c751e8b465ee728b)
Start importing Assets/SimplePixelUI/update 1.15/arrow_CC.png using Guid(40cc30e0527a8ed499251b53aca4a2a4) Importer(815301076,1909f56bfc062723c751e8b465ee728b)  -> (artifact id: 'c5ddc0bc12946e79e91bb0758c105238') in 0.179982 seconds 
========================================================================
Received Import Request.
  Time since last request: 0.000265 seconds.
  path: Assets/SimplePixelUI/artwork/colorCustomizible/square/scroll_vertical/background.png
  artifactKey: Guid(8cbb7fa52ff41954984ad7b3a7611167) Importer(815301076,1909f56bfc062723c751e8b465ee728b)
Start importing Assets/SimplePixelUI/artwork/colorCustomizible/square/scroll_vertical/background.png using Guid(8cbb7fa52ff41954984ad7b3a7611167) Importer(815301076,1909f56bfc062723c751e8b465ee728b)  -> (artifact id: '7e77a52a8a184485aee6b85eac32ac15') in 0.026996 seconds 
========================================================================
Received Import Request.
  Time since last request: 0.000794 seconds.
  path: Assets/SimplePixelUI/artwork/colorCustomizible/rounded/Background_CC_rounded.png
  artifactKey: Guid(8117ad03e7d28324f97b6eddfdcd1e1d) Importer(815301076,1909f56bfc062723c751e8b465ee728b)
Start importing Assets/SimplePixelUI/artwork/colorCustomizible/rounded/Background_CC_rounded.png using Guid(8117ad03e7d28324f97b6eddfdcd1e1d) Importer(815301076,1909f56bfc062723c751e8b465ee728b)  -> (artifact id: 'ed9e8b90f5380473856dd4247dded0fb') in 0.030258 seconds 
========================================================================
Received Import Request.
  Time since last request: 0.000392 seconds.
  path: Assets/SimplePixelUI/artwork/gray/rounded/Background_GB_rounded.png
  artifactKey: Guid(d3c0f49491ca1984db8f070190a53b2a) Importer(815301076,1909f56bfc062723c751e8b465ee728b)
Start importing Assets/SimplePixelUI/artwork/gray/rounded/Background_GB_rounded.png using Guid(d3c0f49491ca1984db8f070190a53b2a) Importer(815301076,1909f56bfc062723c751e8b465ee728b)  -> (artifact id: '8bf02d0b92c366111b8fec83067fd233') in 0.024232 seconds 
========================================================================
Received Import Request.
  Time since last request: 0.000293 seconds.
  path: Assets/SimplePixelUI/artwork/halfcustomizible/square/Slider3/background_horizontal.png
  artifactKey: Guid(08d0b55f1b235c9499e8ee24e789198c) Importer(815301076,1909f56bfc062723c751e8b465ee728b)
Start importing Assets/SimplePixelUI/artwork/halfcustomizible/square/Slider3/background_horizontal.png using Guid(08d0b55f1b235c9499e8ee24e789198c) Importer(815301076,1909f56bfc062723c751e8b465ee728b)  -> (artifact id: '752d3aefc7d2661b9cbdf1d574547bca') in 0.023693 seconds 
========================================================================
Received Import Request.
  Time since last request: 0.000217 seconds.
  path: Assets/SimplePixelUI/artwork/colorCustomizible/square/scroll_horizontal/Background.png
  artifactKey: Guid(9fd81fd6038f7bb44ab675c198558be8) Importer(815301076,1909f56bfc062723c751e8b465ee728b)
Start importing Assets/SimplePixelUI/artwork/colorCustomizible/square/scroll_horizontal/Background.png using Guid(9fd81fd6038f7bb44ab675c198558be8) Importer(815301076,1909f56bfc062723c751e8b465ee728b)  -> (artifact id: 'dbc592ab76717475ba8829bbedb2b40e') in 0.024202 seconds 
========================================================================
Received Import Request.
  Time since last request: 0.000263 seconds.
  path: Assets/SimplePixelUI/artwork/halfcustomizible/square/Slider3/Background_vertical.png
  artifactKey: Guid(4c17724abd1a5254f93804bb45fe6cfc) Importer(815301076,1909f56bfc062723c751e8b465ee728b)
Start importing Assets/SimplePixelUI/artwork/halfcustomizible/square/Slider3/Background_vertical.png using Guid(4c17724abd1a5254f93804bb45fe6cfc) Importer(815301076,1909f56bfc062723c751e8b465ee728b)  -> (artifact id: 'd5ba966dbbecd3b6f3f1665e0b65392c') in 0.024197 seconds 
========================================================================
Received Import Request.
  Time since last request: 0.000265 seconds.
  path: Assets/SimplePixelUI/artwork/halfcustomizible/square/Slider2/background_background.png
  artifactKey: Guid(cd411473b4cfcf74db90b5e7c62523eb) Importer(815301076,1909f56bfc062723c751e8b465ee728b)
Start importing Assets/SimplePixelUI/artwork/halfcustomizible/square/Slider2/background_background.png using Guid(cd411473b4cfcf74db90b5e7c62523eb) Importer(815301076,1909f56bfc062723c751e8b465ee728b)  -> (artifact id: '16b9a1b85bf556181cefcd788a5ce332') in 0.025099 seconds 
========================================================================
Received Import Request.
  Time since last request: 0.000240 seconds.
  path: Assets/SimplePixelUI/artwork/halfcustomizible/square/Slider2/background_vertical.png
  artifactKey: Guid(69a693142e97477459702cd63f94a7e0) Importer(815301076,1909f56bfc062723c751e8b465ee728b)
Start importing Assets/SimplePixelUI/artwork/halfcustomizible/square/Slider2/background_vertical.png using Guid(69a693142e97477459702cd63f94a7e0) Importer(815301076,1909f56bfc062723c751e8b465ee728b)  -> (artifact id: '4229f9dce8cb65d051838e1bec5491ab') in 0.023934 seconds 
========================================================================
Received Import Request.
  Time since last request: 0.000236 seconds.
  path: Assets/SimplePixelUI/artwork/gray/square/background.png
  artifactKey: Guid(c6a80f4e6cff1f344ab8fe27bc2843a7) Importer(815301076,1909f56bfc062723c751e8b465ee728b)
Start importing Assets/SimplePixelUI/artwork/gray/square/background.png using Guid(c6a80f4e6cff1f344ab8fe27bc2843a7) Importer(815301076,1909f56bfc062723c751e8b465ee728b)  -> (artifact id: '31e4268a9c683f05261a5e37036ed949') in 0.015877 seconds 
========================================================================
Received Import Request.
  Time since last request: 0.000315 seconds.
  path: Assets/SimplePixelUI/artwork/colorCustomizible/square/background.png
  artifactKey: Guid(e4b7033fca3bc0e4192a1b77d73431d7) Importer(815301076,1909f56bfc062723c751e8b465ee728b)
Start importing Assets/SimplePixelUI/artwork/colorCustomizible/square/background.png using Guid(e4b7033fca3bc0e4192a1b77d73431d7) Importer(815301076,1909f56bfc062723c751e8b465ee728b)  -> (artifact id: 'f156735348351248dfde1ba1bd335b53') in 0.018297 seconds 
========================================================================
Received Import Request.
  Time since last request: 0.000247 seconds.
  path: Assets/SimplePixelUI/artwork/halfcustomizible/square/Slider/background.png
  artifactKey: Guid(b5219f202af5bdd4e9fcb57fda99b78e) Importer(815301076,1909f56bfc062723c751e8b465ee728b)
Start importing Assets/SimplePixelUI/artwork/halfcustomizible/square/Slider/background.png using Guid(b5219f202af5bdd4e9fcb57fda99b78e) Importer(815301076,1909f56bfc062723c751e8b465ee728b)  -> (artifact id: '79c9cfcfbbc0d07a5f8c100cd22df390') in 0.015981 seconds 
========================================================================
Received Import Request.
  Time since last request: 0.000347 seconds.
  path: Assets/SimplePixelUI/artwork/halfcustomizible/square/Slider/background_Vertical.png
  artifactKey: Guid(b49a694ebba53cd4bbf1230c480b77e7) Importer(815301076,1909f56bfc062723c751e8b465ee728b)
Start importing Assets/SimplePixelUI/artwork/halfcustomizible/square/Slider/background_Vertical.png using Guid(b49a694ebba53cd4bbf1230c480b77e7) Importer(815301076,1909f56bfc062723c751e8b465ee728b)  -> (artifact id: '2c857f495462ddfc48b4305193bf969c') in 0.021292 seconds 
========================================================================
Received Import Request.
  Time since last request: 0.000227 seconds.
  path: Assets/SimplePixelUI/artwork/halfcustomizible/rounded/Background_HCC_rounded.png
  artifactKey: Guid(125772fa577f22c42971097edbeefae9) Importer(815301076,1909f56bfc062723c751e8b465ee728b)
Start importing Assets/SimplePixelUI/artwork/halfcustomizible/rounded/Background_HCC_rounded.png using Guid(125772fa577f22c42971097edbeefae9) Importer(815301076,1909f56bfc062723c751e8b465ee728b)  -> (artifact id: '62eee9c12a369d9f3b98edca82b59afd') in 0.021225 seconds 
========================================================================
Received Import Request.
  Time since last request: 0.000260 seconds.
  path: Assets/SimplePixelUI/artwork/halfcustomizible/square/Background.png
  artifactKey: Guid(415f47e567b53254d89b2a71143dd6a6) Importer(815301076,1909f56bfc062723c751e8b465ee728b)
Start importing Assets/SimplePixelUI/artwork/halfcustomizible/square/Background.png using Guid(415f47e567b53254d89b2a71143dd6a6) Importer(815301076,1909f56bfc062723c751e8b465ee728b)  -> (artifact id: '8d8c5c4c284eb1e49abc9d7d9f7d975b') in 0.017282 seconds 
========================================================================
Received Import Request.
  Time since last request: 557.467531 seconds.
  path: Assets/SimplePixelUI/artwork/colorCustomizible/rounded/bar_rounded_CC_horizontal.png
  artifactKey: Guid(ebe09f4a5655764478eb1eaf871ee9ab) Importer(815301076,1909f56bfc062723c751e8b465ee728b)
Start importing Assets/SimplePixelUI/artwork/colorCustomizible/rounded/bar_rounded_CC_horizontal.png using Guid(ebe09f4a5655764478eb1eaf871ee9ab) Importer(815301076,1909f56bfc062723c751e8b465ee728b)  -> (artifact id: 'c4f01234605259663daf212b48ef743a') in 0.042376 seconds 
========================================================================
Received Import Request.
  Time since last request: 0.000311 seconds.
  path: Assets/SimplePixelUI/artwork/halfcustomizible/rounded/bar_rounded_HCC_horizontal.png
  artifactKey: Guid(e46cac61e2e0ffd4eacf4576c5d901ff) Importer(815301076,1909f56bfc062723c751e8b465ee728b)
Start importing Assets/SimplePixelUI/artwork/halfcustomizible/rounded/bar_rounded_HCC_horizontal.png using Guid(e46cac61e2e0ffd4eacf4576c5d901ff) Importer(815301076,1909f56bfc062723c751e8b465ee728b)  -> (artifact id: 'e3c15329d0138838b50ec82066c2d53a') in 0.024066 seconds 
========================================================================
Received Import Request.
  Time since last request: 0.000321 seconds.
  path: Assets/SimplePixelUI/artwork/halfcustomizible/rounded/bar_rounded_HCC_Vertical.png
  artifactKey: Guid(a21f6be6da0a2b74abf33a7485612782) Importer(815301076,1909f56bfc062723c751e8b465ee728b)
Start importing Assets/SimplePixelUI/artwork/halfcustomizible/rounded/bar_rounded_HCC_Vertical.png using Guid(a21f6be6da0a2b74abf33a7485612782) Importer(815301076,1909f56bfc062723c751e8b465ee728b)  -> (artifact id: '9099bac0eccce4ec602b8153ce5032f1') in 0.020352 seconds 
========================================================================
Received Import Request.
  Time since last request: 0.000362 seconds.
  path: Assets/SimplePixelUI/artwork/colorCustomizible/rounded/bar_rounded_CC_Vertical.png
  artifactKey: Guid(8b583b44f41f3a5408af4c2b94fda721) Importer(815301076,1909f56bfc062723c751e8b465ee728b)
Start importing Assets/SimplePixelUI/artwork/colorCustomizible/rounded/bar_rounded_CC_Vertical.png using Guid(8b583b44f41f3a5408af4c2b94fda721) Importer(815301076,1909f56bfc062723c751e8b465ee728b)  -> (artifact id: 'a6c31774aa086029df409b247f2606fb') in 0.018587 seconds 
========================================================================
Received Import Request.
  Time since last request: 0.213234 seconds.
  path: Assets/SimplePixelUI/artwork/gray/square/border.png
  artifactKey: Guid(adc125101cbb0804c9b8af7f3adb21d3) Importer(815301076,1909f56bfc062723c751e8b465ee728b)
Start importing Assets/SimplePixelUI/artwork/gray/square/border.png using Guid(adc125101cbb0804c9b8af7f3adb21d3) Importer(815301076,1909f56bfc062723c751e8b465ee728b)  -> (artifact id: 'ed76ad26c9f49781acffa8fdf707823c') in 0.018588 seconds 
========================================================================
Received Import Request.
  Time since last request: 0.319074 seconds.
  path: Assets/SimplePixelUI/artwork/halfcustomizible/square/Border.png
  artifactKey: Guid(f728b782d4a108045accfa920e1196de) Importer(815301076,1909f56bfc062723c751e8b465ee728b)
Start importing Assets/SimplePixelUI/artwork/halfcustomizible/square/Border.png using Guid(f728b782d4a108045accfa920e1196de) Importer(815301076,1909f56bfc062723c751e8b465ee728b)  -> (artifact id: 'edd6b21503ac11c8bf318478af0bf93e') in 0.040474 seconds 
========================================================================
Received Import Request.
  Time since last request: 0.000428 seconds.
  path: Assets/SimplePixelUI/artwork/gray/rounded/border_Rounded_GB.png
  artifactKey: Guid(376f38224dc6b51468caef553b628bed) Importer(815301076,1909f56bfc062723c751e8b465ee728b)
Start importing Assets/SimplePixelUI/artwork/gray/rounded/border_Rounded_GB.png using Guid(376f38224dc6b51468caef553b628bed) Importer(815301076,1909f56bfc062723c751e8b465ee728b)  -> (artifact id: '807a5f08e1f954166834a1926611703d') in 0.023338 seconds 
========================================================================
Received Import Request.
  Time since last request: 0.000338 seconds.
  path: Assets/SimplePixelUI/artwork/colorCustomizible/rounded/border_Rounded_CC.png
  artifactKey: Guid(ff24c02cb4cb49e4785ad1a46df6a6b4) Importer(815301076,1909f56bfc062723c751e8b465ee728b)
Start importing Assets/SimplePixelUI/artwork/colorCustomizible/rounded/border_Rounded_CC.png using Guid(ff24c02cb4cb49e4785ad1a46df6a6b4) Importer(815301076,1909f56bfc062723c751e8b465ee728b)  -> (artifact id: '69cced1833513a1f02c7da1c746debe0') in 0.018938 seconds 
========================================================================
Received Import Request.
  Time since last request: 0.000343 seconds.
  path: Assets/SimplePixelUI/artwork/gray/rounded/buttons/button2_rounded_GB.png
  artifactKey: Guid(71f57f61de6633743a720938077a69de) Importer(815301076,1909f56bfc062723c751e8b465ee728b)
Start importing Assets/SimplePixelUI/artwork/gray/rounded/buttons/button2_rounded_GB.png using Guid(71f57f61de6633743a720938077a69de) Importer(815301076,1909f56bfc062723c751e8b465ee728b)  -> (artifact id: 'd238752982e215c432e1ca5e8d110d8b') in 0.022340 seconds 
========================================================================
Received Import Request.
  Time since last request: 0.000191 seconds.
  path: Assets/SimplePixelUI/artwork/halfcustomizible/rounded/border_Rounded_HCC.png
  artifactKey: Guid(0b9aaf1443f6b9844a66beafdcf25098) Importer(815301076,1909f56bfc062723c751e8b465ee728b)
Start importing Assets/SimplePixelUI/artwork/halfcustomizible/rounded/border_Rounded_HCC.png using Guid(0b9aaf1443f6b9844a66beafdcf25098) Importer(815301076,1909f56bfc062723c751e8b465ee728b)  -> (artifact id: 'd4765e5d4ee1457e0a69027684f2d21e') in 0.018154 seconds 
========================================================================
Received Import Request.
  Time since last request: 0.000225 seconds.
  path: Assets/SimplePixelUI/artwork/colorCustomizible/rounded/buttons/button2_rounded_CC.png
  artifactKey: Guid(145f9f42fbe978947a25b213c84e7c2b) Importer(815301076,1909f56bfc062723c751e8b465ee728b)
Start importing Assets/SimplePixelUI/artwork/colorCustomizible/rounded/buttons/button2_rounded_CC.png using Guid(145f9f42fbe978947a25b213c84e7c2b) Importer(815301076,1909f56bfc062723c751e8b465ee728b)  -> (artifact id: '28114cc132bb2431d24b4b42ac05ac85') in 0.019215 seconds 
========================================================================
Received Import Request.
  Time since last request: 0.000253 seconds.
  path: Assets/SimplePixelUI/artwork/colorCustomizible/square/border.png
  artifactKey: Guid(89c89d31cbb023d4a87840ff06fe110e) Importer(815301076,1909f56bfc062723c751e8b465ee728b)
Start importing Assets/SimplePixelUI/artwork/colorCustomizible/square/border.png using Guid(89c89d31cbb023d4a87840ff06fe110e) Importer(815301076,1909f56bfc062723c751e8b465ee728b)  -> (artifact id: '967775f0b075b89d5550d7e76c84134b') in 0.021138 seconds 
========================================================================
Received Import Request.
  Time since last request: 0.255718 seconds.
  path: Assets/SimplePixelUI/artwork/halfcustomizible/rounded/buttons/button2_rounded_HCC.png
  artifactKey: Guid(e4047f1078050064dbc10bd5a407974a) Importer(815301076,1909f56bfc062723c751e8b465ee728b)
Start importing Assets/SimplePixelUI/artwork/halfcustomizible/rounded/buttons/button2_rounded_HCC.png using Guid(e4047f1078050064dbc10bd5a407974a) Importer(815301076,1909f56bfc062723c751e8b465ee728b)  -> (artifact id: '9c7b3f86be8781bc93664faee750bd9b') in 0.035682 seconds 
========================================================================
Received Import Request.
  Time since last request: 0.000399 seconds.
  path: Assets/SimplePixelUI/artwork/gray/square/Buttons/button_1.png
  artifactKey: Guid(94fc7c772ff3e3e4e82e2104009827fe) Importer(815301076,1909f56bfc062723c751e8b465ee728b)
Start importing Assets/SimplePixelUI/artwork/gray/square/Buttons/button_1.png using Guid(94fc7c772ff3e3e4e82e2104009827fe) Importer(815301076,1909f56bfc062723c751e8b465ee728b)  -> (artifact id: '76c9f4a1623a34e8c53a5b6a9944c3fc') in 0.023960 seconds 
========================================================================
Received Import Request.
  Time since last request: 0.000350 seconds.
  path: Assets/SimplePixelUI/artwork/halfcustomizible/square/Buttons/button_1.png
  artifactKey: Guid(fa851e716c72bec419b716612454ae3d) Importer(815301076,1909f56bfc062723c751e8b465ee728b)
Start importing Assets/SimplePixelUI/artwork/halfcustomizible/square/Buttons/button_1.png using Guid(fa851e716c72bec419b716612454ae3d) Importer(815301076,1909f56bfc062723c751e8b465ee728b)  -> (artifact id: '96145c7b76b24388ee9f5531694d3be7') in 0.018099 seconds 
========================================================================
Received Import Request.
  Time since last request: 0.000250 seconds.
  path: Assets/SimplePixelUI/artwork/colorCustomizible/square/Buttons/button_1.png
  artifactKey: Guid(79042c13debeb044796be3b9aabbc85f) Importer(815301076,1909f56bfc062723c751e8b465ee728b)
Start importing Assets/SimplePixelUI/artwork/colorCustomizible/square/Buttons/button_1.png using Guid(79042c13debeb044796be3b9aabbc85f) Importer(815301076,1909f56bfc062723c751e8b465ee728b)  -> (artifact id: 'bd72d7bb72b0c24e66b5f80e43fc0d3a') in 0.016093 seconds 
========================================================================
Received Import Request.
  Time since last request: 0.416922 seconds.
  path: Assets/SimplePixelUI/artwork/colorCustomizible/square/Buttons/button_2.png
  artifactKey: Guid(17bd7baa51c566f4dbc8839abd07fbb3) Importer(815301076,1909f56bfc062723c751e8b465ee728b)
Start importing Assets/SimplePixelUI/artwork/colorCustomizible/square/Buttons/button_2.png using Guid(17bd7baa51c566f4dbc8839abd07fbb3) Importer(815301076,1909f56bfc062723c751e8b465ee728b)  -> (artifact id: '80c791bcce14c9afd7b043f6ea1f7650') in 0.029493 seconds 
========================================================================
Received Import Request.
  Time since last request: 0.000453 seconds.
  path: Assets/SimplePixelUI/artwork/halfcustomizible/square/Buttons/button_2.png
  artifactKey: Guid(3eb9334422defff42b79c46e59b2f7d6) Importer(815301076,1909f56bfc062723c751e8b465ee728b)
Start importing Assets/SimplePixelUI/artwork/halfcustomizible/square/Buttons/button_2.png using Guid(3eb9334422defff42b79c46e59b2f7d6) Importer(815301076,1909f56bfc062723c751e8b465ee728b)  -> (artifact id: 'ddf0202d7461f802239a2712112132b9') in 0.017525 seconds 
========================================================================
Received Import Request.
  Time since last request: 0.000310 seconds.
  path: Assets/SimplePixelUI/artwork/colorCustomizible/rounded/buttons/button_rounded_CC.png
  artifactKey: Guid(434fa6af2ca63ad4ba4ea00b9270653b) Importer(815301076,1909f56bfc062723c751e8b465ee728b)
Start importing Assets/SimplePixelUI/artwork/colorCustomizible/rounded/buttons/button_rounded_CC.png using Guid(434fa6af2ca63ad4ba4ea00b9270653b) Importer(815301076,1909f56bfc062723c751e8b465ee728b)  -> (artifact id: 'c437cd4c21ed8fd4835b1ee68fff10ab') in 0.018155 seconds 
========================================================================
Received Import Request.
  Time since last request: 0.000227 seconds.
  path: Assets/SimplePixelUI/artwork/gray/square/Buttons/button_2.png
  artifactKey: Guid(5e2d8e82a94c6fb4596a22577ff9e1a2) Importer(815301076,1909f56bfc062723c751e8b465ee728b)
Start importing Assets/SimplePixelUI/artwork/gray/square/Buttons/button_2.png using Guid(5e2d8e82a94c6fb4596a22577ff9e1a2) Importer(815301076,1909f56bfc062723c751e8b465ee728b)  -> (artifact id: '1e76d776f6128491c855484ab9c0ac22') in 0.019292 seconds 
========================================================================
Received Import Request.
  Time since last request: 851.237300 seconds.
  path: Assets/Scripts/InventorySystem.cs
  artifactKey: Guid(60fc8f7b45ae75d4396b1ebc451ae2e3) Importer(815301076,1909f56bfc062723c751e8b465ee728b)
Start importing Assets/Scripts/InventorySystem.cs using Guid(60fc8f7b45ae75d4396b1ebc451ae2e3) Importer(815301076,1909f56bfc062723c751e8b465ee728b)  -> (artifact id: 'a4f90bd911857c17a04d34e5b01bede6') in 0.017465 seconds 
========================================================================
Received Prepare
Registering precompiled user dll's ...
Registered in 0.004002 seconds.
Begin MonoManager ReloadAssembly
Symbol file LoadedFromMemory doesn't match image C:\Users\Editeiro\Documents\GitHub\PixelGame\2D Platformer\Library\PackageCache\com.unity.visualscripting@1.6.1\Editor\VisualScripting.Core\Dependencies\YamlDotNet\Unity.VisualScripting.YamlDotNet.dll
Symbol file LoadedFromMemory doesn't match image C:\Users\Editeiro\Documents\GitHub\PixelGame\2D Platformer\Library\PackageCache\com.unity.visualscripting@1.6.1\Editor\VisualScripting.Core\Dependencies\DotNetZip\Unity.VisualScripting.IonicZip.dll
Native extension for WindowsStandalone target not found
Refreshing native plugins compatible for Editor in 0.71 ms, found 2 plugins.
Preloading 0 native plugins for Editor in 0.00 ms.
Mono: successfully reloaded assembly
- Completed reload, in  1.472 seconds
Platform modules already initialized, skipping
Refreshing native plugins compatible for Editor in 0.71 ms, found 2 plugins.
Preloading 0 native plugins for Editor in 0.00 ms.
Unloading 3406 Unused Serialized files (Serialized files now loaded: 0)
System memory in use before: 147.5 MB.
System memory in use after: 147.6 MB.

Unloading 16 unused Assets to reduce memory usage. Loaded Objects now: 4395.
Total: 3.402400 ms (FindLiveObjects: 0.379700 ms CreateObjectMapping: 0.206600 ms MarkObjects: 2.690800 ms  DeleteObjects: 0.124100 ms)

========================================================================
Received Import Request.
  Time since last request: 669.516710 seconds.
  path: Assets/Scripts/InventorySystem.cs
  artifactKey: Guid(60fc8f7b45ae75d4396b1ebc451ae2e3) Importer(815301076,1909f56bfc062723c751e8b465ee728b)
Start importing Assets/Scripts/InventorySystem.cs using Guid(60fc8f7b45ae75d4396b1ebc451ae2e3) Importer(815301076,1909f56bfc062723c751e8b465ee728b)  -> (artifact id: '884e5605b888f8c47be589d970801ecf') in 0.029069 seconds 
========================================================================
Received Import Request.
  Time since last request: 37.980337 seconds.
  path: Assets/Scripts/InventorySystem.cs
  artifactKey: Guid(60fc8f7b45ae75d4396b1ebc451ae2e3) Importer(815301076,1909f56bfc062723c751e8b465ee728b)
Start importing Assets/Scripts/InventorySystem.cs using Guid(60fc8f7b45ae75d4396b1ebc451ae2e3) Importer(815301076,1909f56bfc062723c751e8b465ee728b)  -> (artifact id: '1f40359e2f6e2babd57b1b3326224b5e') in 0.005241 seconds 
========================================================================
Received Prepare
Registering precompiled user dll's ...
Registered in 0.003785 seconds.
Begin MonoManager ReloadAssembly
Symbol file LoadedFromMemory doesn't match image C:\Users\Editeiro\Documents\GitHub\PixelGame\2D Platformer\Library\PackageCache\com.unity.visualscripting@1.6.1\Editor\VisualScripting.Core\Dependencies\YamlDotNet\Unity.VisualScripting.YamlDotNet.dll
Symbol file LoadedFromMemory doesn't match image C:\Users\Editeiro\Documents\GitHub\PixelGame\2D Platformer\Library\PackageCache\com.unity.visualscripting@1.6.1\Editor\VisualScripting.Core\Dependencies\DotNetZip\Unity.VisualScripting.IonicZip.dll
Native extension for WindowsStandalone target not found
Refreshing native plugins compatible for Editor in 0.74 ms, found 2 plugins.
Preloading 0 native plugins for Editor in 0.00 ms.
Mono: successfully reloaded assembly
- Completed reload, in  1.282 seconds
Platform modules already initialized, skipping
Refreshing native plugins compatible for Editor in 0.90 ms, found 2 plugins.
Preloading 0 native plugins for Editor in 0.00 ms.
Unloading 3371 Unused Serialized files (Serialized files now loaded: 0)
System memory in use before: 146.1 MB.
System memory in use after: 146.2 MB.

Unloading 16 unused Assets to reduce memory usage. Loaded Objects now: 4399.
Total: 2.974800 ms (FindLiveObjects: 0.324600 ms CreateObjectMapping: 0.163400 ms MarkObjects: 2.335900 ms  DeleteObjects: 0.149800 ms)

========================================================================
Received Import Request.
  Time since last request: 70.286991 seconds.
  path: Assets/Scripts/InventorySystem.cs
  artifactKey: Guid(60fc8f7b45ae75d4396b1ebc451ae2e3) Importer(815301076,1909f56bfc062723c751e8b465ee728b)
Start importing Assets/Scripts/InventorySystem.cs using Guid(60fc8f7b45ae75d4396b1ebc451ae2e3) Importer(815301076,1909f56bfc062723c751e8b465ee728b)  -> (artifact id: '3bc4eaf1d849b2f6e4a017c557da679d') in 0.007550 seconds 
========================================================================
Received Prepare
Registering precompiled user dll's ...
Registered in 0.003220 seconds.
Begin MonoManager ReloadAssembly
Symbol file LoadedFromMemory doesn't match image C:\Users\Editeiro\Documents\GitHub\PixelGame\2D Platformer\Library\PackageCache\com.unity.visualscripting@1.6.1\Editor\VisualScripting.Core\Dependencies\YamlDotNet\Unity.VisualScripting.YamlDotNet.dll
Symbol file LoadedFromMemory doesn't match image C:\Users\Editeiro\Documents\GitHub\PixelGame\2D Platformer\Library\PackageCache\com.unity.visualscripting@1.6.1\Editor\VisualScripting.Core\Dependencies\DotNetZip\Unity.VisualScripting.IonicZip.dll
Native extension for WindowsStandalone target not found
Refreshing native plugins compatible for Editor in 0.68 ms, found 2 plugins.
Preloading 0 native plugins for Editor in 0.00 ms.
Mono: successfully reloaded assembly
- Completed reload, in  1.168 seconds
Platform modules already initialized, skipping
Refreshing native plugins compatible for Editor in 0.71 ms, found 2 plugins.
Preloading 0 native plugins for Editor in 0.00 ms.
Unloading 3371 Unused Serialized files (Serialized files now loaded: 0)
System memory in use before: 146.2 MB.
System memory in use after: 146.3 MB.

Unloading 16 unused Assets to reduce memory usage. Loaded Objects now: 4403.
Total: 2.947200 ms (FindLiveObjects: 0.326700 ms CreateObjectMapping: 0.165000 ms MarkObjects: 2.265700 ms  DeleteObjects: 0.188900 ms)

========================================================================
Received Prepare
Registering precompiled user dll's ...
Registered in 0.002985 seconds.
Begin MonoManager ReloadAssembly
Symbol file LoadedFromMemory doesn't match image C:\Users\Editeiro\Documents\GitHub\PixelGame\2D Platformer\Library\PackageCache\com.unity.visualscripting@1.6.1\Editor\VisualScripting.Core\Dependencies\YamlDotNet\Unity.VisualScripting.YamlDotNet.dll
Symbol file LoadedFromMemory doesn't match image C:\Users\Editeiro\Documents\GitHub\PixelGame\2D Platformer\Library\PackageCache\com.unity.visualscripting@1.6.1\Editor\VisualScripting.Core\Dependencies\DotNetZip\Unity.VisualScripting.IonicZip.dll
Native extension for WindowsStandalone target not found
Refreshing native plugins compatible for Editor in 0.70 ms, found 2 plugins.
Preloading 0 native plugins for Editor in 0.00 ms.
Mono: successfully reloaded assembly
- Completed reload, in  1.225 seconds
Platform modules already initialized, skipping
Refreshing native plugins compatible for Editor in 0.68 ms, found 2 plugins.
Preloading 0 native plugins for Editor in 0.00 ms.
Unloading 3371 Unused Serialized files (Serialized files now loaded: 0)
System memory in use before: 146.2 MB.
System memory in use after: 146.3 MB.

Unloading 16 unused Assets to reduce memory usage. Loaded Objects now: 4407.
Total: 3.551100 ms (FindLiveObjects: 0.331500 ms CreateObjectMapping: 0.177400 ms MarkObjects: 2.890000 ms  DeleteObjects: 0.151200 ms)

========================================================================
Received Prepare
Registering precompiled user dll's ...
Registered in 0.003553 seconds.
Begin MonoManager ReloadAssembly
Symbol file LoadedFromMemory doesn't match image C:\Users\Editeiro\Documents\GitHub\PixelGame\2D Platformer\Library\PackageCache\com.unity.visualscripting@1.6.1\Editor\VisualScripting.Core\Dependencies\YamlDotNet\Unity.VisualScripting.YamlDotNet.dll
Symbol file LoadedFromMemory doesn't match image C:\Users\Editeiro\Documents\GitHub\PixelGame\2D Platformer\Library\PackageCache\com.unity.visualscripting@1.6.1\Editor\VisualScripting.Core\Dependencies\DotNetZip\Unity.VisualScripting.IonicZip.dll
Native extension for WindowsStandalone target not found
Refreshing native plugins compatible for Editor in 0.72 ms, found 2 plugins.
Preloading 0 native plugins for Editor in 0.00 ms.
Mono: successfully reloaded assembly
- Completed reload, in  1.239 seconds
Platform modules already initialized, skipping
Refreshing native plugins compatible for Editor in 1.02 ms, found 2 plugins.
Preloading 0 native plugins for Editor in 0.00 ms.
Unloading 3371 Unused Serialized files (Serialized files now loaded: 0)
System memory in use before: 146.2 MB.
System memory in use after: 146.4 MB.

Unloading 16 unused Assets to reduce memory usage. Loaded Objects now: 4411.
Total: 3.335500 ms (FindLiveObjects: 0.414400 ms CreateObjectMapping: 0.323700 ms MarkObjects: 2.485400 ms  DeleteObjects: 0.111000 ms)

========================================================================
Received Prepare
Registering precompiled user dll's ...
Registered in 0.002976 seconds.
Begin MonoManager ReloadAssembly
Symbol file LoadedFromMemory doesn't match image C:\Users\Editeiro\Documents\GitHub\PixelGame\2D Platformer\Library\PackageCache\com.unity.visualscripting@1.6.1\Editor\VisualScripting.Core\Dependencies\YamlDotNet\Unity.VisualScripting.YamlDotNet.dll
Symbol file LoadedFromMemory doesn't match image C:\Users\Editeiro\Documents\GitHub\PixelGame\2D Platformer\Library\PackageCache\com.unity.visualscripting@1.6.1\Editor\VisualScripting.Core\Dependencies\DotNetZip\Unity.VisualScripting.IonicZip.dll
Native extension for WindowsStandalone target not found
Refreshing native plugins compatible for Editor in 0.70 ms, found 2 plugins.
Preloading 0 native plugins for Editor in 0.00 ms.
Mono: successfully reloaded assembly
- Completed reload, in  1.201 seconds
Platform modules already initialized, skipping
Refreshing native plugins compatible for Editor in 0.71 ms, found 2 plugins.
Preloading 0 native plugins for Editor in 0.00 ms.
Unloading 3371 Unused Serialized files (Serialized files now loaded: 0)
System memory in use before: 146.3 MB.
System memory in use after: 146.4 MB.

Unloading 16 unused Assets to reduce memory usage. Loaded Objects now: 4415.
Total: 2.964100 ms (FindLiveObjects: 0.323400 ms CreateObjectMapping: 0.191900 ms MarkObjects: 2.308900 ms  DeleteObjects: 0.138800 ms)

========================================================================
Received Prepare
Registering precompiled user dll's ...
Registered in 0.003165 seconds.
Begin MonoManager ReloadAssembly
Symbol file LoadedFromMemory doesn't match image C:\Users\Editeiro\Documents\GitHub\PixelGame\2D Platformer\Library\PackageCache\com.unity.visualscripting@1.6.1\Editor\VisualScripting.Core\Dependencies\YamlDotNet\Unity.VisualScripting.YamlDotNet.dll
Symbol file LoadedFromMemory doesn't match image C:\Users\Editeiro\Documents\GitHub\PixelGame\2D Platformer\Library\PackageCache\com.unity.visualscripting@1.6.1\Editor\VisualScripting.Core\Dependencies\DotNetZip\Unity.VisualScripting.IonicZip.dll
Native extension for WindowsStandalone target not found
Refreshing native plugins compatible for Editor in 0.73 ms, found 2 plugins.
Preloading 0 native plugins for Editor in 0.00 ms.
Mono: successfully reloaded assembly
- Completed reload, in  1.248 seconds
Platform modules already initialized, skipping
Refreshing native plugins compatible for Editor in 0.81 ms, found 2 plugins.
Preloading 0 native plugins for Editor in 0.00 ms.
Unloading 3371 Unused Serialized files (Serialized files now loaded: 0)
System memory in use before: 146.3 MB.
System memory in use after: 146.4 MB.

Unloading 16 unused Assets to reduce memory usage. Loaded Objects now: 4419.
Total: 3.767500 ms (FindLiveObjects: 0.321200 ms CreateObjectMapping: 0.161000 ms MarkObjects: 3.163900 ms  DeleteObjects: 0.120200 ms)

========================================================================
Received Prepare
Registering precompiled user dll's ...
Registered in 0.003045 seconds.
Begin MonoManager ReloadAssembly
Symbol file LoadedFromMemory doesn't match image C:\Users\Editeiro\Documents\GitHub\PixelGame\2D Platformer\Library\PackageCache\com.unity.visualscripting@1.6.1\Editor\VisualScripting.Core\Dependencies\YamlDotNet\Unity.VisualScripting.YamlDotNet.dll
Symbol file LoadedFromMemory doesn't match image C:\Users\Editeiro\Documents\GitHub\PixelGame\2D Platformer\Library\PackageCache\com.unity.visualscripting@1.6.1\Editor\VisualScripting.Core\Dependencies\DotNetZip\Unity.VisualScripting.IonicZip.dll
Native extension for WindowsStandalone target not found
Refreshing native plugins compatible for Editor in 0.72 ms, found 2 plugins.
Preloading 0 native plugins for Editor in 0.00 ms.
Mono: successfully reloaded assembly
- Completed reload, in  1.180 seconds
Platform modules already initialized, skipping
Refreshing native plugins compatible for Editor in 0.71 ms, found 2 plugins.
Preloading 0 native plugins for Editor in 0.00 ms.
Unloading 3371 Unused Serialized files (Serialized files now loaded: 0)
System memory in use before: 146.3 MB.
System memory in use after: 146.4 MB.

Unloading 16 unused Assets to reduce memory usage. Loaded Objects now: 4423.
Total: 3.191300 ms (FindLiveObjects: 0.373900 ms CreateObjectMapping: 0.200400 ms MarkObjects: 2.476700 ms  DeleteObjects: 0.139500 ms)

========================================================================
Received Prepare
Registering precompiled user dll's ...
Registered in 0.003043 seconds.
Begin MonoManager ReloadAssembly
Symbol file LoadedFromMemory doesn't match image C:\Users\Editeiro\Documents\GitHub\PixelGame\2D Platformer\Library\PackageCache\com.unity.visualscripting@1.6.1\Editor\VisualScripting.Core\Dependencies\YamlDotNet\Unity.VisualScripting.YamlDotNet.dll
Symbol file LoadedFromMemory doesn't match image C:\Users\Editeiro\Documents\GitHub\PixelGame\2D Platformer\Library\PackageCache\com.unity.visualscripting@1.6.1\Editor\VisualScripting.Core\Dependencies\DotNetZip\Unity.VisualScripting.IonicZip.dll
Native extension for WindowsStandalone target not found
Refreshing native plugins compatible for Editor in 0.72 ms, found 2 plugins.
Preloading 0 native plugins for Editor in 0.00 ms.
Mono: successfully reloaded assembly
- Completed reload, in  1.202 seconds
Platform modules already initialized, skipping
Refreshing native plugins compatible for Editor in 0.74 ms, found 2 plugins.
Preloading 0 native plugins for Editor in 0.00 ms.
Unloading 3371 Unused Serialized files (Serialized files now loaded: 0)
System memory in use before: 146.3 MB.
System memory in use after: 146.4 MB.

Unloading 16 unused Assets to reduce memory usage. Loaded Objects now: 4427.
Total: 3.205600 ms (FindLiveObjects: 0.337900 ms CreateObjectMapping: 0.177800 ms MarkObjects: 2.582200 ms  DeleteObjects: 0.106700 ms)

========================================================================
Received Prepare
Registering precompiled user dll's ...
Registered in 0.003342 seconds.
Begin MonoManager ReloadAssembly
Symbol file LoadedFromMemory doesn't match image C:\Users\Editeiro\Documents\GitHub\PixelGame\2D Platformer\Library\PackageCache\com.unity.visualscripting@1.6.1\Editor\VisualScripting.Core\Dependencies\YamlDotNet\Unity.VisualScripting.YamlDotNet.dll
Symbol file LoadedFromMemory doesn't match image C:\Users\Editeiro\Documents\GitHub\PixelGame\2D Platformer\Library\PackageCache\com.unity.visualscripting@1.6.1\Editor\VisualScripting.Core\Dependencies\DotNetZip\Unity.VisualScripting.IonicZip.dll
Native extension for WindowsStandalone target not found
Refreshing native plugins compatible for Editor in 0.75 ms, found 2 plugins.
Preloading 0 native plugins for Editor in 0.00 ms.
Mono: successfully reloaded assembly
- Completed reload, in  1.147 seconds
Platform modules already initialized, skipping
Refreshing native plugins compatible for Editor in 0.69 ms, found 2 plugins.
Preloading 0 native plugins for Editor in 0.00 ms.
Unloading 3371 Unused Serialized files (Serialized files now loaded: 0)
System memory in use before: 146.4 MB.
System memory in use after: 146.5 MB.

Unloading 16 unused Assets to reduce memory usage. Loaded Objects now: 4431.
Total: 3.354600 ms (FindLiveObjects: 0.319900 ms CreateObjectMapping: 0.156900 ms MarkObjects: 2.729000 ms  DeleteObjects: 0.148000 ms)

AssetImportWorkerClient::OnTransportError - code=2 error=End of file
